
> frontend@0.1.0 dev /home/guslizen/Documents/BLOCKCHAIN-Journey/web3 skill/voting_project/frontend
> next dev --turbopack

   ▲ Next.js 15.2.4 (Turbopack)
   - Local:        http://localhost:3000
   - Network:      http://192.168.100.46:3000
   - Environments: .env

 ✓ Starting...
 ✓ Ready in 1873ms
 ○ Compiling / ...
 ✓ Compiled / in 7.1s
 GET / 200 in 8656ms
 ○ Compiling /favicon.ico ...
 ✓ Compiled /favicon.ico in 1113ms
 GET /favicon.ico?favicon.0e7821aa.ico 200 in 1198ms
 GET /favicon.ico?favicon.0e7821aa.ico 200 in 51ms
 ○ Compiling /_not-found/page ...
 ✓ Compiled /_not-found/page in 3.2s
 GET /.well-known/appspecific/com.chrome.devtools.json 404 in 4320ms
 GET /favicon.ico?favicon.0e7821aa.ico 200 in 57ms
 GET / 200 in 1026ms
 GET /favicon.ico?favicon.0e7821aa.ico 200 in 72ms
 GET /favicon.ico?favicon.0e7821aa.ico 200 in 71ms
 GET / 200 in 639ms
 GET /favicon.ico?favicon.0e7821aa.ico 200 in 72ms
 GET /favicon.ico?favicon.0e7821aa.ico 200 in 47ms
 ○ Compiling /dvoting ...
 ✓ Compiled /dvoting in 3.2s
 GET /dvoting 200 in 3740ms
 GET /.well-known/appspecific/com.chrome.devtools.json 404 in 456ms
 GET / 200 in 755ms
 GET /.well-known/appspecific/com.chrome.devtools.json 404 in 703ms
 GET /favicon.ico?favicon.0e7821aa.ico 200 in 89ms
 GET / 200 in 671ms
 GET /.well-known/appspecific/com.chrome.devtools.json 404 in 603ms
 GET /favicon.ico?favicon.0e7821aa.ico 200 in 74ms
 GET /favicon.ico?favicon.0e7821aa.ico 200 in 119ms
 GET / 200 in 537ms
 GET /.well-known/appspecific/com.chrome.devtools.json 404 in 647ms
 GET /favicon.ico?favicon.0e7821aa.ico 200 in 122ms
 GET /favicon.ico?favicon.0e7821aa.ico 200 in 134ms
 GET /dvoting 200 in 763ms
